<?xml version="1.0" encoding="UTF-8"?>
<!--
      ~ JBoss, Home of Professional Open Source.
      ~ Copyright 2023 Red Hat, Inc., and individual contributors
      ~ as indicated by the @author tags.
      ~
      ~ Licensed under the Apache License, Version 2.0 (the "License");
      ~ you may not use this file except in compliance with the License.
      ~ You may obtain a copy of the License at
      ~
      ~     http://www.apache.org/licenses/LICENSE-2.0
      ~
      ~ Unless required by applicable law or agreed to in writing, software
      ~ distributed under the License is distributed on an "AS IS" BASIS,
      ~ WITHOUT WARRANTIES OR CONDITIONS OF ANY KIND, either express or implied.
      ~ See the License for the specific language governing permissions and
      ~ limitations under the License.
-->
<configuration>
    <encryption-client xmlns="urn:encryption:client:preview:1.0">
        <credential-stores>
            <credential-store name="my-credential-store" type="PropertiesCredentialStore">
                <attributes>
                    <attribute name="location" value="${credstore-path.prop}"/>
                </attributes>
            </credential-store>
        </credential-stores>
        <expression-resolvers default-resolver="first-resolver">
            <expression-resolver name="first-resolver" credential-store-name="my-credential-store" alias="secretkey1"/>
            <expression-resolver name="second-resolver" credential-store-name="my-credential-store" alias="secretkey2"/>
        </expression-resolvers>
    </encryption-client>
</configuration>
